<?xml version="1.0" encoding="UTF-8"?>
<testng-results skipped="0" failed="0" total="1" passed="1">
  <reporter-output>
  </reporter-output>
  <suite name="Default suite" duration-ms="23" started-at="2016-01-23T01:31:11Z" finished-at="2016-01-23T01:31:11Z">
    <groups>
    </groups>
    <test name="Default test" duration-ms="23" started-at="2016-01-23T01:31:11Z" finished-at="2016-01-23T01:31:11Z">
      <class name="com.test.coolootz.HelperTest">
        <test-method status="PASS" signature="testRandomDelay()[pri:0, instance:com.test.coolootz.HelperTest@54084b8a]" name="testRandomDelay" duration-ms="11" started-at="2016-01-22T17:31:11Z" finished-at="2016-01-22T17:31:11Z">
          <reporter-output>
          </reporter-output>
        </test-method> <!-- testRandomDelay -->
      </class> <!-- com.test.coolootz.HelperTest -->
    </test> <!-- Default test -->
  </suite> <!-- Default suite -->
</testng-results>
